<?xml version="1.0" encoding="UTF-8"?>
<testsuite xmlns:xsi="http://www.w3.org/2001/XMLSchema-instance" xsi:noNamespaceSchemaLocation="https://maven.apache.org/surefire/maven-surefire-plugin/xsd/surefire-test-report.xsd" name="com.example.autoservice.controller.MechanicControllerTest" time="0.925" tests="3" errors="0" skipped="0" failures="0">
  <properties>
[...]
</properties>
  <testcase name="shouldGetFinishedOrders" classname="com.example.autoservice.controller.MechanicControllerTest" time="0.035"/>
  <testcase name="shouldSaveMechanic" classname="com.example.autoservice.controller.MechanicControllerTest" time="0.027"/>
  <testcase name="shouldGetSalaryOfMechanic" classname="com.example.autoservice.controller.MechanicControllerTest" time="0.007"/>
</testsuite>